# JRE version: OpenJDK Runtime Environment JBR-21.0.7+9-895.130-jcef (21.0.7+9) (build 21.0.7+9-b895.130)
# Java VM: OpenJDK 64-Bit Server VM JBR-21.0.7+9-895.130-jcef (21.0.7+9-b895.130, mixed mode, sharing, tiered, compressed oops, compressed class ptrs, g1 gc, linux-amd64)
GC Precious Log:
 CardTable entry size: 512
 Card Set container configuration: InlinePtr #cards 4 size 8 Array Of Cards #cards 64 size 144 Howl #buckets 8 coarsen threshold 14745 Howl Bitmap #cards 2048 size 272 coarsen threshold 1843 Card regions per heap region 1 cards per card region 16384
 CPUs: 16 total, 16 available
 Memory: 60275M
 Large Page Support: Disabled
 NUMA Support: Disabled
 Compressed Oops: Enabled (Zero based)
 Heap Region Size: 8M
 Heap Min Capacity: 8M
 Heap Initial Capacity: 944M
 Heap Max Capacity: 15072M
 Pre-touch: Disabled
 Parallel Workers: 13
 Concurrent Workers: 3
 Concurrent Refinement Workers: 13
 Periodic GC: Disabled
Heap:
 garbage-first heap   total 81920K, used 11388K [0x0000000452000000, 0x0000000800000000)
  region size 8192K, 2 young (16384K), 1 survivors (8192K)
 Metaspace       used 37419K, committed 38016K, reserved 1114112K
  class space    used 3934K, committed 4160K, reserved 1048576K
GC Heap History (10 events):
Event: 1.463 GC heap before
{Heap before GC invocations=0 (full 0):
 garbage-first heap   total 974848K, used 42066K [0x0000000452000000, 0x0000000800000000)
  region size 8192K, 5 young (40960K), 0 survivors (0K)
 Metaspace       used 12074K, committed 12352K, reserved 1114112K
  class space    used 1085K, committed 1216K, reserved 1048576K
}
Event: 1.470 GC heap after
{Heap after GC invocations=1 (full 0):
 garbage-first heap   total 974848K, used 6711K [0x0000000452000000, 0x0000000800000000)
  region size 8192K, 1 young (8192K), 1 survivors (8192K)
 Metaspace       used 12074K, committed 12352K, reserved 1114112K
  class space    used 1085K, committed 1216K, reserved 1048576K
}
Event: 2.116 GC heap before
{Heap before GC invocations=1 (full 0):
 garbage-first heap   total 974848K, used 23095K [0x0000000452000000, 0x0000000800000000)
  region size 8192K, 4 young (32768K), 1 survivors (8192K)
 Metaspace       used 21214K, committed 21504K, reserved 1114112K
  class space    used 2090K, committed 2240K, reserved 1048576K
}
Event: 2.121 GC heap after
{Heap after GC invocations=2 (full 0):
 garbage-first heap   total 974848K, used 7959K [0x0000000452000000, 0x0000000800000000)
  region size 8192K, 1 young (8192K), 1 survivors (8192K)
 Metaspace       used 21214K, committed 21504K, reserved 1114112K
  class space    used 2090K, committed 2240K, reserved 1048576K
}
Event: 3.269 GC heap before
{Heap before GC invocations=3 (full 0):
 garbage-first heap   total 81920K, used 65303K [0x0000000452000000, 0x0000000800000000)
  region size 8192K, 8 young (65536K), 1 survivors (8192K)
 Metaspace       used 35161K, committed 35712K, reserved 1114112K
  class space    used 3662K, committed 3904K, reserved 1048576K
}
Event: 3.276 GC heap after
{Heap after GC invocations=4 (full 0):
 garbage-first heap   total 90112K, used 11187K [0x0000000452000000, 0x0000000800000000)
  region size 8192K, 1 young (8192K), 1 survivors (8192K)
 Metaspace       used 35161K, committed 35712K, reserved 1114112K
  class space    used 3662K, committed 3904K, reserved 1048576K
}
Event: 3.359 GC heap before
{Heap before GC invocations=4 (full 0):
 garbage-first heap   total 90112K, used 11187K [0x0000000452000000, 0x0000000800000000)
  region size 8192K, 2 young (16384K), 1 survivors (8192K)
 Metaspace       used 35565K, committed 36096K, reserved 1114112K
  class space    used 3709K, committed 3968K, reserved 1048576K
}
Event: 3.366 GC heap after
{Heap after GC invocations=5 (full 0):
 garbage-first heap   total 90112K, used 11192K [0x0000000452000000, 0x0000000800000000)
  region size 8192K, 1 young (8192K), 1 survivors (8192K)
 Metaspace       used 35565K, committed 36096K, reserved 1114112K
  class space    used 3709K, committed 3968K, reserved 1048576K
}
Event: 3.402 GC heap before
{Heap before GC invocations=5 (full 0):
 garbage-first heap   total 90112K, used 11192K [0x0000000452000000, 0x0000000800000000)
  region size 8192K, 2 young (16384K), 1 survivors (8192K)
 Metaspace       used 35937K, committed 36416K, reserved 1114112K
  class space    used 3759K, committed 3968K, reserved 1048576K
}
Event: 3.406 GC heap after
{Heap after GC invocations=6 (full 0):
 garbage-first heap   total 90112K, used 11388K [0x0000000452000000, 0x0000000800000000)
  region size 8192K, 1 young (8192K), 1 survivors (8192K)
 Metaspace       used 35937K, committed 36416K, reserved 1114112K
  class space    used 3759K, committed 3968K, reserved 1048576K
}

